make all --print-data-base --no-builtin-variables --no-builtin-rules --question
# GNU Make 4.1
# Built for x86_64-pc-linux-gnu
# Copyright (C) 1988-2014 Free Software Foundation, Inc.
# License GPLv3+: GNU GPL version 3 or later <http://gnu.org/licenses/gpl.html>
# This is free software: you are free to change and redistribute it.
# There is NO WARRANTY, to the extent permitted by law.

# Make data base, printed on Wed Jan 31 22:05:37 2024

# Variables

# 'override' directive
GNUMAKEFLAGS := 
# automatic
<D = $(patsubst %/,%,$(dir $<))
# automatic
?F = $(notdir $?)
# environment
DESKTOP_SESSION = ubuntu
# default
.SHELLFLAGS := -c
# environment
VSCODE_CRASH_REPORTER_PROCESS_TYPE = extensionHost
# environment
SNAP_COMMON = /var/snap/code/common
# environment
XDG_SESSION_TYPE = x11
# environment
SNAP_EUID = 1000
# automatic
?D = $(patsubst %/,%,$(dir $?))
# environment
IM_CONFIG_PHASE = 2
# automatic
@D = $(patsubst %/,%,$(dir $@))
# environment
XAUTHORITY = /run/user/1000/gdm/Xauthority
# environment
GDMSESSION = ubuntu
# environment
XMODIFIERS = @im=ibus
# makefile
CURDIR := /home/skfla36/pro1
# makefile
SHELL = /bin/sh
# environment
SNAP_DATA = /var/snap/code/148
# environment
GIO_MODULE_DIR = /home/skfla36/snap/code/common/.cache/gio-modules
# environment
VSCODE_NLS_CONFIG = {"locale":"ko","osLocale":"en-us","availableLanguages":{"*":"ko"},"_languagePackId":"8c714c23d05db6b414b8ab3c57f99fbe.ko","_translationsConfigFile":"/home/skfla36/.config/Code/clp/8c714c23d05db6b414b8ab3c57f99fbe.ko/tcf.json","_cacheRoot":"/home/skfla36/.config/Code/clp/8c714c23d05db6b414b8ab3c57f99fbe.ko","_resolvedLanguagePackCoreLocation":"/home/skfla36/.config/Code/clp/8c714c23d05db6b414b8ab3c57f99fbe.ko/0ee08df0cf4527e40edc9aa28f4b5bd38bbff2b2","_corruptedFile":"/home/skfla36/.config/Code/clp/8c714c23d05db6b414b8ab3c57f99fbe.ko/corrupted.info","_languagePackSupport":true}
# environment
_ = /snap/code/148/usr/share/code/code
# environment
XDG_CONFIG_DIRS_VSCODE_SNAP_ORIG = /etc/xdg/xdg-ubuntu:/etc/xdg
# environment
XDG_CONFIG_DIRS = /etc/xdg/xdg-ubuntu:/etc/xdg
# environment
SNAP_INSTANCE_NAME = code
# environment
SNAP_ARCH = amd64
# makefile (from 'Makefile', line 1)
MAKEFILE_LIST :=  Makefile
# automatic
@F = $(notdir $@)
# environment
GIO_LAUNCHED_DESKTOP_FILE = /var/lib/snapd/desktop/applications/code_code.desktop
# environment
USERNAME = skfla36
# environment
XDG_DATA_DIRS_VSCODE_SNAP_ORIG = /usr/share/ubuntu:/usr/local/share/:/usr/share/:/var/lib/snapd/desktop
# environment
XDG_DATA_DIRS = /home/skfla36/snap/code/148/.local/share:/home/skfla36/snap/code/148:/snap/code/148/usr/share:/usr/share/ubuntu:/usr/local/share/:/usr/share/:/var/lib/snapd/desktop
# environment
DBUS_SESSION_BUS_ADDRESS = unix:path=/run/user/1000/bus
# environment
CLUTTER_IM_MODULE = xim
# environment
LESSOPEN = | /usr/bin/lesspipe %s
# environment
VSCODE_CWD = /home/skfla36
# environment
GSETTINGS_SCHEMA_DIR = /home/skfla36/snap/code/148/.local/share/glib-2.0/schemas
# default
MAKE_HOST := x86_64-pc-linux-gnu
# environment
PATH = /usr/local/sbin:/usr/local/bin:/usr/sbin:/usr/bin:/sbin:/bin:/usr/games:/usr/local/games:/snap/bin
# environment
GPG_AGENT_INFO = /run/user/1000/gnupg/S.gpg-agent:0:1
# environment
SESSION_MANAGER = local/ubuntu:@/tmp/.ICE-unix/1810,unix/ubuntu:/tmp/.ICE-unix/1810
# environment
XDG_RUNTIME_DIR = /run/user/1000
# environment
GDK_PIXBUF_MODULE_FILE = /home/skfla36/snap/code/common/.cache/gdk-pixbuf-loaders.cache
# environment
TEXTDOMAIN = im-config
# environment
SNAP = /snap/code/148
# environment
SNAP_VERSION = 0ee08df0
# environment
XDG_MENU_PREFIX = gnome-
# environment
ELECTRON_RUN_AS_NODE = 1
# environment
GDK_PIXBUF_MODULEDIR = /snap/code/148/usr/lib/x86_64-linux-gnu/gdk-pixbuf-2.0/2.10.0/loaders
# default
.FEATURES := target-specific order-only second-expansion else-if shortest-stem undefine oneshell archives jobserver output-sync check-symlink load
# environment
ELECTRON_NO_ATTACH_CONSOLE = 1
# environment
XDG_SESSION_DESKTOP = ubuntu
# environment
SSH_AUTH_SOCK = /run/user/1000/keyring/ssh
# environment
GIO_LAUNCHED_DESKTOP_FILE_PID = 2324
# automatic
%F = $(notdir $%)
# environment
DISPLAY = :0
# environment
GTK_IM_MODULE = ibus
# environment
PWD = /home/skfla36/pro1
# environment
XDG_SEAT = seat0
# environment
GTK_PATH = /snap/code/148/usr/lib/x86_64-linux-gnu/gtk-3.0
# environment
SSH_AGENT_PID = 1905
# environment
ORIGINAL_XDG_CURRENT_DESKTOP = ubuntu:GNOME
# environment
GTK_MODULES = gail:atk-bridge
# environment
VSCODE_AMD_ENTRYPOINT = vs/workbench/api/node/extensionHostProcess
# environment
HOME = /home/skfla36
# environment
LESSCLOSE = /usr/bin/lesspipe %s %s
# environment
VSCODE_CLI = 1
# environment
VSCODE_CODE_CACHE_PATH = /home/skfla36/.config/Code/CachedData/0ee08df0cf4527e40edc9aa28f4b5bd38bbff2b2
# environment
LOGNAME = skfla36
# environment
APPLICATION_INSIGHTS_NO_DIAGNOSTIC_CHANNEL = 1
# environment
SNAP_LIBRARY_PATH = /var/lib/snapd/lib/gl:/var/lib/snapd/lib/gl32:/var/lib/snapd/void
# environment
SNAP_CONTEXT = JbgFcCvT2l7QmqwdBdTo4lTU4z6TV-amBT_pNcjsYOW0WBGFb0Wb
# environment
SNAP_LAUNCHER_ARCH_TRIPLET = x86_64-linux-gnu
# environment
SNAP_USER_COMMON = /home/skfla36/snap/code/common
# environment
VSCODE_HANDLES_UNCAUGHT_ERRORS = true
# default
MAKE_VERSION := 4.1
# environment
GNOME_DESKTOP_SESSION_ID = this-is-deprecated
# automatic
^D = $(patsubst %/,%,$(dir $^))
# environment
XDG_VTNR = 2
# environment
MAKELEVEL := 0
# environment
SNAP_REAL_HOME = /home/skfla36
# default
MAKE = $(MAKE_COMMAND)
# default
MAKECMDGOALS := all
# environment
QT_IM_MODULE = xim
# environment
SNAP_USER_DATA = /home/skfla36/snap/code/148
# environment
SHLVL = 1
# makefile (from 'Makefile', line 3)
CC = g++
# environment
GNOME_SHELL_SESSION_MODE = ubuntu
# makefile (from 'Makefile', line 2)
EXEC = run
# environment
XDG_SESSION_ID = 2
# environment
USER = skfla36
# environment
SNAP_REVISION = 148
# makefile
.DEFAULT_GOAL := all
# environment
XDG_CURRENT_DESKTOP = Unity
# makefile (from 'Makefile', line 1)
SURC = *.cpp *.h
# automatic
%D = $(patsubst %/,%,$(dir $%))
# default
MAKE_COMMAND := make
# default
.VARIABLES := 
# automatic
*F = $(notdir $*)
# environment
GTK_EXE_PREFIX = /snap/code/148/usr
# environment
VSCODE_IPC_HOOK = /run/user/1000/vscode-d5dfd5a2-1.85-main.sock
# environment
BAMF_DESKTOP_FILE_HINT = /var/lib/snapd/desktop/applications/code_code.desktop
# makefile
MAKEFLAGS = pqrR
# environment
MFLAGS = -pqrR
# automatic
*D = $(patsubst %/,%,$(dir $*))
# environment
GTK_IM_MODULE_FILE = /home/skfla36/snap/code/common/.cache/immodules/immodules.cache
# automatic
+D = $(patsubst %/,%,$(dir $+))
# environment
GDK_BACKEND = x11
# automatic
+F = $(notdir $+)
# environment
QT_ACCESSIBILITY = 1
# makefile (from 'Makefile', line 4)
FLAG = -std=c++11 -g
# environment
TEXTDOMAINDIR = /usr/share/locale/
# default
MAKEFILES := 
# environment
SNAP_COOKIE = JbgFcCvT2l7QmqwdBdTo4lTU4z6TV-amBT_pNcjsYOW0WBGFb0Wb
# automatic
<F = $(notdir $<)
# environment
SNAP_NAME = code
# environment
LC_ALL = C
# environment
QT4_IM_MODULE = xim
# environment
GJS_DEBUG_TOPICS = JS ERROR;JS LOG
# automatic
^F = $(notdir $^)
# environment
SNAP_UID = 1000
# default
SUFFIXES := 
# environment
CHROME_DESKTOP = code-url-handler.desktop
# environment
WINDOWPATH = 2
# environment
LOCPATH = /snap/code/148/usr/lib/locale
# default
.INCLUDE_DIRS = /usr/include /usr/local/include /usr/include
# environment
GJS_DEBUG_OUTPUT = stderr
# default
.RECIPEPREFIX := 
# environment
LANG = C
# environment
VSCODE_PID = 2373
# variable set hash-table stats:
# Load=129/1024=13%, Rehash=0, Collisions=21/161=13%

# Pattern-specific Variable Values

# No pattern-specific variable values.

# Directories

# . (device 2049, inode 1192007): 24 files, no impossibilities.

# 24 files, no impossibilities in 1 directories.

# Implicit Rules

# No implicit rules.

# Files

# Not a target:
TermsList.h:
#  Implicit rule search has been done.
 
#  Last modified 2023-10-03 06:00:47.464223
#  File has been updated.
#  Successfully updated.

all: NameBST.cpp MemberQueue.cpp TermsBST.cpp TermsList.cpp Manager.cpp main.cpp NameBST.h MemberQueue.h TermsBST.h NameBSTNode.h MemberQueueNode.h TermsBSTNode.h TermsList.h Manager.h TermsListNode.h
#  Command line target.
#  Implicit rule search has not been done.
#  Implicit/static pattern stem: ''
#  File does not exist.
#  File has been updated.
#  Needs to be updated (-q is set).
# automatic
# @ := all
# automatic
# % := 
# automatic
# * := 
# automatic
# + := NameBST.cpp MemberQueue.cpp TermsBST.cpp TermsList.cpp Manager.cpp main.cpp NameBST.h MemberQueue.h TermsBST.h NameBSTNode.h MemberQueueNode.h TermsBSTNode.h TermsList.h Manager.h TermsListNode.h
# automatic
# | := 
# automatic
# < := NameBST.cpp
# automatic
# ^ := NameBST.cpp MemberQueue.cpp TermsBST.cpp TermsList.cpp Manager.cpp main.cpp NameBST.h MemberQueue.h TermsBST.h NameBSTNode.h MemberQueueNode.h TermsBSTNode.h TermsList.h Manager.h TermsListNode.h
# automatic
# ? := NameBST.cpp MemberQueue.cpp TermsBST.cpp TermsList.cpp Manager.cpp main.cpp NameBST.h MemberQueue.h TermsBST.h NameBSTNode.h MemberQueueNode.h TermsBSTNode.h TermsList.h Manager.h TermsListNode.h
# variable set hash-table stats:
# Load=8/32=25%, Rehash=0, Collisions=5/15=33%
#  recipe to execute (from 'Makefile', line 6):
		$(CC) $(FLAG) -o $(EXEC) $^

# Not a target:
MemberQueue.h:
#  Implicit rule search has been done.
#  Last modified 2023-10-08 22:01:35.365085
#  File has been updated.
#  Successfully updated.

# Not a target:
TermsList.cpp:
#  Implicit rule search has been done.
#  Last modified 2023-10-03 06:00:27.540044
#  File has been updated.
#  Successfully updated.

# Not a target:
MemberQueue.cpp:
#  Implicit rule search has been done.
#  Last modified 2023-10-01 01:50:11.222841
#  File has been updated.
#  Successfully updated.

# Not a target:
NameBSTNode.h:
#  Implicit rule search has been done.
#  Last modified 2023-10-03 05:45:35.05562
#  File has been updated.
#  Successfully updated.

# Not a target:
.SUFFIXES:
#  Implicit rule search has not been done.
#  Modification time never checked.
#  File has not been updated.

# Not a target:
Makefile:
#  Implicit rule search has been done.
#  Last modified 2023-09-16 04:31:32.599869
#  File has been updated.
#  Successfully updated.

# Not a target:
NameBST.h:
#  Implicit rule search has been done.
#  Last modified 2023-10-01 01:53:47.609835
#  File has been updated.
#  Successfully updated.

# Not a target:
main.cpp:
#  Implicit rule search has been done.
#  Last modified 2023-09-16 04:31:32.599869
#  File has been updated.
#  Successfully updated.

# Not a target:
NameBST.cpp:
#  Implicit rule search has been done.
#  Last modified 2023-10-08 22:09:19.549817
#  File has been updated.
#  Successfully updated.

# Not a target:
.DEFAULT:
#  Implicit rule search has not been done.
#  Modification time never checked.
#  File has not been updated.

# Not a target:
TermsBSTNode.h:
#  Implicit rule search has been done.
#  Last modified 2023-10-03 05:48:05.280881
#  File has been updated.
#  Successfully updated.

# Not a target:
Manager.h:
#  Implicit rule search has been done.
#  Last modified 2023-10-01 01:37:05.948157
#  File has been updated.
#  Successfully updated.

# Not a target:
TermsBST.h:
#  Implicit rule search has been done.
#  Last modified 2023-10-01 01:56:52.330102
#  File has been updated.
#  Successfully updated.

# Not a target:
Manager.cpp:
#  Implicit rule search has been done.
#  Last modified 2023-10-08 22:00:16.469622
#  File has been updated.
#  Successfully updated.

# Not a target:
TermsBST.cpp:
#  Implicit rule search has been done.
#  Last modified 2023-10-08 22:13:05.89872
#  File has been updated.
#  Successfully updated.

# Not a target:
TermsListNode.h:
#  Implicit rule search has been done.
#  Last modified 2023-10-08 22:16:20.374124
#  File has been updated.
#  Successfully updated.

# Not a target:
MemberQueueNode.h:
#  Implicit rule search has been done.
#  Last modified 2023-10-01 02:14:41.059097
#  File has been updated.
#  Successfully updated.

# files hash-table stats:
# Load=19/1024=2%, Rehash=0, Collisions=2/46=4%
# VPATH Search Paths

# No 'vpath' search paths.

# No general ('VPATH' variable) search path.

# strcache buffers: 1 (0) / strings = 29 / storage = 333 B / avg = 11 B
# current buf: size = 8162 B / used = 333 B / count = 29 / avg = 11 B

# strcache performance: lookups = 51 / hit rate = 43%
# hash-table stats:
# Load=29/8192=0%, Rehash=0, Collisions=3/51=6%
# Finished Make data base on Wed Jan 31 22:05:37 2024

 
